<?xml version="1.0" encoding="UTF-8"?>
<!-- Generated by org.testng.reporters.JUnitXMLReporter -->
<testsuite hostname="User-PC" ignored="0" name="Selecting check box and radio button" tests="3" failures="0" timestamp="02 Jul 2017 17:30:45 GMT" time="38.152" errors="0">
  <testcase name="CheckBoxSelect" time="9.567" classname="pack1.CheckboxRadioButtonSelect"/>
  <testcase name="MultipleCheckBoxSelect" time="11.004" classname="pack1.CheckboxRadioButtonSelect"/>
  <testcase name="SelectRadioButton" time="17.557" classname="pack1.CheckboxRadioButtonSelect"/>
</testsuite> <!-- Selecting check box and radio button -->
